<?xml version="1.0" encoding="utf-8" ?>
<!DOCTYPE html PUBLIC "-//W3C//DTD XHTML 1.0 Strict//EN"
        "http://www.w3.org/TR/xhtml1/DTD/xhtml1-strict.dtd">
<html xmlns="http://www.w3.org/1999/xhtml" xml:lang="" lang="">
<head>
  <title>Test Results Report - testSuiteRozetka</title>
  <meta http-equiv="Content-Type" content="text/html;charset=utf-8" />
  <meta name="description" content="TestNG unit test results." />
  <link href="reportng.css" rel="stylesheet" type="text/css" />
    <script type="text/javascript" src="reportng.js"></script>
</head>
<body>
<h1>testSuiteRozetka</h1>
<p>
  Test duration: 523,616s
</p>



  <table class="resultsTable">
    <tr><th colspan="3" class="header failed">Failed Tests</th></tr>
          <tr>
        <td colspan="3" class="group">labTest.WrongSumVerifyTest</td>
      </tr>
            
<tr>
  <td class="method">
                  givenFilter_whenTheMostExpensiveProductAddedToCart_thenTotalPriceLessThanBound
      </td>
  <td class="duration">
    68,590s
  </td>
  <td class="result">
        
          <i>Method arguments: </i><span class="arguments">model.RozetkaFilter@49ef8982</span><br />
    
        

        <a href="javascript:toggleElement('exception-0', 'block')" title="Click to expand/collapse"><b>java.lang.AssertionError: expected [true] but found [false]</b></a><br />
    <div class="stackTrace" id="exception-0">
              org.testng.Assert.fail(Assert.java:96)<br />
              org.testng.Assert.failNotEquals(Assert.java:776)<br />
              org.testng.Assert.assertTrue(Assert.java:44)<br />
              org.testng.Assert.assertTrue(Assert.java:54)<br />
              labTest.WrongSumVerifyTest.givenFilter_whenTheMostExpensiveProductAddedToCart_thenTotalPriceLessThanBound(WrongSumVerifyTest.java:58)<br />
              java.base/jdk.internal.reflect.NativeMethodAccessorImpl.invoke0(Native Method)<br />
              java.base/jdk.internal.reflect.NativeMethodAccessorImpl.invoke(NativeMethodAccessorImpl.java:62)<br />
              java.base/jdk.internal.reflect.DelegatingMethodAccessorImpl.invoke(DelegatingMethodAccessorImpl.java:43)<br />
              java.base/java.lang.reflect.Method.invoke(Method.java:566)<br />
              org.testng.internal.MethodInvocationHelper.invokeMethod(MethodInvocationHelper.java:124)<br />
              org.testng.internal.Invoker.invokeMethod(Invoker.java:583)<br />
              org.testng.internal.Invoker.invokeTestMethod(Invoker.java:719)<br />
              org.testng.internal.TestMethodWithDataProviderMethodWorker.call(TestMethodWithDataProviderMethodWorker.java:71)<br />
              org.testng.internal.TestMethodWithDataProviderMethodWorker.call(TestMethodWithDataProviderMethodWorker.java:14)<br />
              java.base/java.util.concurrent.FutureTask.run(FutureTask.java:264)<br />
              java.base/java.util.concurrent.Executors$RunnableAdapter.call(Executors.java:515)<br />
              java.base/java.util.concurrent.FutureTask.run(FutureTask.java:264)<br />
              java.base/java.util.concurrent.ThreadPoolExecutor.runWorker(ThreadPoolExecutor.java:1128)<br />
              java.base/java.util.concurrent.ThreadPoolExecutor$Worker.run(ThreadPoolExecutor.java:628)<br />
              java.base/java.lang.Thread.run(Thread.java:834)<br />
                </div>
      </td>
</tr>
<tr>
  <td class="method">
                  givenFilter_whenTheMostExpensiveProductAddedToCart_thenTotalPriceLessThanBound
      </td>
  <td class="duration">
    66,671s
  </td>
  <td class="result">
        
          <i>Method arguments: </i><span class="arguments">model.RozetkaFilter@376138b3</span><br />
    
        

        <a href="javascript:toggleElement('exception-1', 'block')" title="Click to expand/collapse"><b>java.lang.AssertionError: expected [true] but found [false]</b></a><br />
    <div class="stackTrace" id="exception-1">
              org.testng.Assert.fail(Assert.java:96)<br />
              org.testng.Assert.failNotEquals(Assert.java:776)<br />
              org.testng.Assert.assertTrue(Assert.java:44)<br />
              org.testng.Assert.assertTrue(Assert.java:54)<br />
              labTest.WrongSumVerifyTest.givenFilter_whenTheMostExpensiveProductAddedToCart_thenTotalPriceLessThanBound(WrongSumVerifyTest.java:58)<br />
              java.base/jdk.internal.reflect.NativeMethodAccessorImpl.invoke0(Native Method)<br />
              java.base/jdk.internal.reflect.NativeMethodAccessorImpl.invoke(NativeMethodAccessorImpl.java:62)<br />
              java.base/jdk.internal.reflect.DelegatingMethodAccessorImpl.invoke(DelegatingMethodAccessorImpl.java:43)<br />
              java.base/java.lang.reflect.Method.invoke(Method.java:566)<br />
              org.testng.internal.MethodInvocationHelper.invokeMethod(MethodInvocationHelper.java:124)<br />
              org.testng.internal.Invoker.invokeMethod(Invoker.java:583)<br />
              org.testng.internal.Invoker.invokeTestMethod(Invoker.java:719)<br />
              org.testng.internal.TestMethodWithDataProviderMethodWorker.call(TestMethodWithDataProviderMethodWorker.java:71)<br />
              org.testng.internal.TestMethodWithDataProviderMethodWorker.call(TestMethodWithDataProviderMethodWorker.java:14)<br />
              java.base/java.util.concurrent.FutureTask.run(FutureTask.java:264)<br />
              java.base/java.util.concurrent.Executors$RunnableAdapter.call(Executors.java:515)<br />
              java.base/java.util.concurrent.FutureTask.run(FutureTask.java:264)<br />
              java.base/java.util.concurrent.ThreadPoolExecutor.runWorker(ThreadPoolExecutor.java:1128)<br />
              java.base/java.util.concurrent.ThreadPoolExecutor$Worker.run(ThreadPoolExecutor.java:628)<br />
              java.base/java.lang.Thread.run(Thread.java:834)<br />
                </div>
      </td>
</tr>
<tr>
  <td class="method">
                  givenFilter_whenTheMostExpensiveProductAddedToCart_thenTotalPriceLessThanBound
      </td>
  <td class="duration">
    54,632s
  </td>
  <td class="result">
        
          <i>Method arguments: </i><span class="arguments">model.RozetkaFilter@37a62be</span><br />
    
        

        <a href="javascript:toggleElement('exception-2', 'block')" title="Click to expand/collapse"><b>java.lang.AssertionError: expected [true] but found [false]</b></a><br />
    <div class="stackTrace" id="exception-2">
              org.testng.Assert.fail(Assert.java:96)<br />
              org.testng.Assert.failNotEquals(Assert.java:776)<br />
              org.testng.Assert.assertTrue(Assert.java:44)<br />
              org.testng.Assert.assertTrue(Assert.java:54)<br />
              labTest.WrongSumVerifyTest.givenFilter_whenTheMostExpensiveProductAddedToCart_thenTotalPriceLessThanBound(WrongSumVerifyTest.java:58)<br />
              java.base/jdk.internal.reflect.NativeMethodAccessorImpl.invoke0(Native Method)<br />
              java.base/jdk.internal.reflect.NativeMethodAccessorImpl.invoke(NativeMethodAccessorImpl.java:62)<br />
              java.base/jdk.internal.reflect.DelegatingMethodAccessorImpl.invoke(DelegatingMethodAccessorImpl.java:43)<br />
              java.base/java.lang.reflect.Method.invoke(Method.java:566)<br />
              org.testng.internal.MethodInvocationHelper.invokeMethod(MethodInvocationHelper.java:124)<br />
              org.testng.internal.Invoker.invokeMethod(Invoker.java:583)<br />
              org.testng.internal.Invoker.invokeTestMethod(Invoker.java:719)<br />
              org.testng.internal.TestMethodWithDataProviderMethodWorker.call(TestMethodWithDataProviderMethodWorker.java:71)<br />
              org.testng.internal.TestMethodWithDataProviderMethodWorker.call(TestMethodWithDataProviderMethodWorker.java:14)<br />
              java.base/java.util.concurrent.FutureTask.run(FutureTask.java:264)<br />
              java.base/java.util.concurrent.Executors$RunnableAdapter.call(Executors.java:515)<br />
              java.base/java.util.concurrent.FutureTask.run(FutureTask.java:264)<br />
              java.base/java.util.concurrent.ThreadPoolExecutor.runWorker(ThreadPoolExecutor.java:1128)<br />
              java.base/java.util.concurrent.ThreadPoolExecutor$Worker.run(ThreadPoolExecutor.java:628)<br />
              java.base/java.lang.Thread.run(Thread.java:834)<br />
                </div>
      </td>
</tr>
<tr>
  <td class="method">
                  givenFilter_whenTheMostExpensiveProductAddedToCart_thenTotalPriceLessThanBound
      </td>
  <td class="duration">
    66,406s
  </td>
  <td class="result">
        
          <i>Method arguments: </i><span class="arguments">model.RozetkaFilter@7d29a7f0</span><br />
    
        

        <a href="javascript:toggleElement('exception-3', 'block')" title="Click to expand/collapse"><b>java.lang.AssertionError: expected [true] but found [false]</b></a><br />
    <div class="stackTrace" id="exception-3">
              org.testng.Assert.fail(Assert.java:96)<br />
              org.testng.Assert.failNotEquals(Assert.java:776)<br />
              org.testng.Assert.assertTrue(Assert.java:44)<br />
              org.testng.Assert.assertTrue(Assert.java:54)<br />
              labTest.WrongSumVerifyTest.givenFilter_whenTheMostExpensiveProductAddedToCart_thenTotalPriceLessThanBound(WrongSumVerifyTest.java:58)<br />
              java.base/jdk.internal.reflect.NativeMethodAccessorImpl.invoke0(Native Method)<br />
              java.base/jdk.internal.reflect.NativeMethodAccessorImpl.invoke(NativeMethodAccessorImpl.java:62)<br />
              java.base/jdk.internal.reflect.DelegatingMethodAccessorImpl.invoke(DelegatingMethodAccessorImpl.java:43)<br />
              java.base/java.lang.reflect.Method.invoke(Method.java:566)<br />
              org.testng.internal.MethodInvocationHelper.invokeMethod(MethodInvocationHelper.java:124)<br />
              org.testng.internal.Invoker.invokeMethod(Invoker.java:583)<br />
              org.testng.internal.Invoker.invokeTestMethod(Invoker.java:719)<br />
              org.testng.internal.TestMethodWithDataProviderMethodWorker.call(TestMethodWithDataProviderMethodWorker.java:71)<br />
              org.testng.internal.TestMethodWithDataProviderMethodWorker.call(TestMethodWithDataProviderMethodWorker.java:14)<br />
              java.base/java.util.concurrent.FutureTask.run(FutureTask.java:264)<br />
              java.base/java.util.concurrent.Executors$RunnableAdapter.call(Executors.java:515)<br />
              java.base/java.util.concurrent.FutureTask.run(FutureTask.java:264)<br />
              java.base/java.util.concurrent.ThreadPoolExecutor.runWorker(ThreadPoolExecutor.java:1128)<br />
              java.base/java.util.concurrent.ThreadPoolExecutor$Worker.run(ThreadPoolExecutor.java:628)<br />
              java.base/java.lang.Thread.run(Thread.java:834)<br />
                </div>
      </td>
</tr>
      </table>


  <table class="resultsTable">
    <tr><th colspan="3" class="header passed">Passed Tests</th></tr>
          <tr>
        <td colspan="3" class="group">labTest.SumVerifyTest</td>
      </tr>
            
<tr>
  <td class="method">
                  givenFilter_whenTheMostExpensiveProductAddedToCart_thenTotalPriceLessThanBound
      </td>
  <td class="duration">
    57,644s
  </td>
  <td class="result">
        
          <i>Method arguments: </i><span class="arguments">model.RozetkaFilter@43bb734e</span><br />
    
        

      </td>
</tr>
<tr>
  <td class="method">
                  givenFilter_whenTheMostExpensiveProductAddedToCart_thenTotalPriceLessThanBound
      </td>
  <td class="duration">
    47,198s
  </td>
  <td class="result">
        
          <i>Method arguments: </i><span class="arguments">model.RozetkaFilter@5aadce16</span><br />
    
        

      </td>
</tr>
<tr>
  <td class="method">
                  givenFilter_whenTheMostExpensiveProductAddedToCart_thenTotalPriceLessThanBound
      </td>
  <td class="duration">
    58,548s
  </td>
  <td class="result">
        
          <i>Method arguments: </i><span class="arguments">model.RozetkaFilter@5b6e9d47</span><br />
    
        

      </td>
</tr>
<tr>
  <td class="method">
                  givenFilter_whenTheMostExpensiveProductAddedToCart_thenTotalPriceLessThanBound
      </td>
  <td class="duration">
    56,780s
  </td>
  <td class="result">
        
          <i>Method arguments: </i><span class="arguments">model.RozetkaFilter@1c64ccb</span><br />
    
        

      </td>
</tr>
      </table>
  
</body>
</html>
